12/10/2022 02:07:54 AM | INFO : Changing to directory: /home/adagudelo/pyangel/UDGIT2
12/10/2022 02:07:54 AM | INFO : Branch used
12/10/2022 02:07:54 AM | INFO : Latest commit (before update) %s
12/10/2022 02:07:54 AM | INFO : Current state of the project
12/10/2022 02:07:54 AM | INFO : Restoring clear state of the repo
12/10/2022 02:07:54 AM | INFO : Git commit
12/10/2022 02:07:54 AM | INFO : Cannot remove untracked files
12/10/2022 02:09:37 AM | INFO : Changing to directory: /home/adagudelo/pyangel/UDGIT2
12/10/2022 02:09:37 AM | INFO : Branch used
12/10/2022 02:09:37 AM | INFO : Latest commit (before update) %s
12/10/2022 02:09:37 AM | INFO : Current state of the project
12/10/2022 02:09:37 AM | INFO : Restoring clear state of the repo
12/10/2022 02:09:37 AM | INFO : Git commit
12/10/2022 02:09:37 AM | INFO : Pulling the latest version
12/10/2022 02:10:05 AM | INFO : Latest commit (after update)
12/10/2022 02:14:53 AM | INFO : Changing to directory: /home/adagudelo/pyangel/UDGIT2
12/10/2022 02:14:53 AM | INFO : Branch used
12/10/2022 02:14:53 AM | INFO : Latest commit (before update) %s
12/10/2022 02:14:53 AM | INFO : Current state of the project
12/10/2022 02:14:53 AM | INFO : Restoring clear state of the repo
12/10/2022 02:14:53 AM | INFO : Git commit
12/10/2022 02:14:53 AM | INFO : Cannot remove untracked files
12/10/2022 02:16:35 AM | INFO : Changing to directory: /home/adagudelo/pyangel/UDGIT2
12/10/2022 02:16:35 AM | INFO : Branch used
12/10/2022 02:16:35 AM | INFO : Latest commit (before update) %s
12/10/2022 02:16:35 AM | INFO : Current state of the project
12/10/2022 02:16:35 AM | INFO : Restoring clear state of the repo
12/10/2022 02:16:36 AM | INFO : Git commit
12/10/2022 02:16:36 AM | INFO : Cannot remove untracked files
12/10/2022 02:22:42 AM | INFO : Changing to directory: /home/adagudelo/pyangel/UDGIT2
12/10/2022 02:22:42 AM | INFO : Branch used
12/10/2022 02:22:42 AM | INFO : Latest commit (before update) %s
12/10/2022 02:22:42 AM | INFO : Current state of the project
12/10/2022 02:22:42 AM | INFO : Restoring clear state of the repo
12/10/2022 02:22:42 AM | INFO : Git commit
12/10/2022 02:22:42 AM | INFO : Cannot remove untracked files
12/10/2022 02:27:40 AM | INFO : Changing to directory: /home/adagudelo/pyangel/UDGIT2
12/10/2022 02:27:40 AM | INFO : Branch used
12/10/2022 02:27:40 AM | INFO : Latest commit (before update) %s
12/10/2022 02:27:40 AM | INFO : Current state of the project
12/10/2022 02:27:40 AM | INFO : Restoring clear state of the repo
12/10/2022 02:27:41 AM | INFO : Git commit
12/10/2022 02:27:41 AM | INFO : Cannot remove untracked files
12/10/2022 02:35:41 AM | INFO : Changing to directory: /home/adagudelo/pyangel/UDGIT2/
12/10/2022 02:35:41 AM | INFO : Branch used
12/10/2022 02:35:41 AM | INFO : Latest commit (before update)
12/10/2022 02:35:41 AM | INFO : Current state of the project
12/10/2022 02:35:41 AM | INFO : Restoring clear state of the repo
12/10/2022 02:35:42 AM | INFO : Git commit
12/10/2022 02:35:42 AM | INFO : Cannot remove untracked files
12/10/2022 02:35:55 AM | INFO : Changing to directory: /home/adagudelo/pyangel/UDGIT2/
12/10/2022 02:35:55 AM | INFO : Branch used
12/10/2022 02:35:55 AM | INFO : Latest commit (before update)
12/10/2022 02:35:55 AM | INFO : Current state of the project
12/10/2022 02:35:55 AM | INFO : Restoring clear state of the repo
12/10/2022 02:35:55 AM | INFO : Git commit
12/10/2022 02:35:55 AM | INFO : Cannot remove untracked files
12/10/2022 02:36:43 AM | INFO : Changing to directory: /home/adagudelo/pyangel/UDGIT2/
12/10/2022 02:36:43 AM | INFO : Branch used
12/10/2022 02:36:43 AM | INFO : Latest commit (before update)
12/10/2022 02:36:43 AM | INFO : Current state of the project
12/10/2022 02:36:43 AM | INFO : Restoring clear state of the repo
