12/10/2022 02:02:36 AM | INFO : Changing to directory: /home/adagudelo/pyangel/UDGIT2/datos_importantes
12/10/2022 02:02:36 AM | INFO : Branch used
12/10/2022 02:02:36 AM | INFO : Latest commit (before update) %s
12/10/2022 02:02:36 AM | INFO : Current state of the project
12/10/2022 02:02:36 AM | INFO : Restoring clear state of the repo
12/10/2022 02:02:36 AM | INFO : Git commit
12/10/2022 02:02:36 AM | INFO : Cannot remove untracked files
12/10/2022 02:04:23 AM | INFO : Changing to directory: /home/adagudelo/pyangel/UDGIT2/datos_importantes
12/10/2022 02:04:23 AM | INFO : Branch used
12/10/2022 02:04:23 AM | INFO : Latest commit (before update) %s
12/10/2022 02:04:23 AM | INFO : Current state of the project
12/10/2022 02:04:23 AM | INFO : Restoring clear state of the repo
12/10/2022 02:04:23 AM | INFO : Git commit
12/10/2022 02:04:23 AM | INFO : Cannot remove untracked files
12/10/2022 02:04:59 AM | INFO : Changing to directory: /home/adagudelo/pyangel/UDGIT2/datos_importantes
12/10/2022 02:04:59 AM | INFO : Branch used
12/10/2022 02:04:59 AM | INFO : Latest commit (before update) %s
12/10/2022 02:04:59 AM | INFO : Current state of the project
12/10/2022 02:04:59 AM | INFO : Restoring clear state of the repo
12/10/2022 02:04:59 AM | INFO : Git commit
12/10/2022 02:04:59 AM | INFO : Cannot remove untracked files
12/10/2022 02:05:04 AM | INFO : Changing to directory: /home/adagudelo/pyangel/UDGIT2/datos_importantes
12/10/2022 02:05:04 AM | INFO : Branch used
12/10/2022 02:05:04 AM | INFO : Latest commit (before update) %s
12/10/2022 02:05:04 AM | INFO : Current state of the project
12/10/2022 02:05:04 AM | INFO : Restoring clear state of the repo
12/10/2022 02:05:04 AM | INFO : Git commit
12/10/2022 02:05:04 AM | INFO : Cannot remove untracked files
12/10/2022 02:06:12 AM | INFO : Changing to directory: /home/adagudelo/pyangel/UDGIT2/datos_importantes
12/10/2022 02:06:12 AM | INFO : Branch used
12/10/2022 02:06:12 AM | INFO : Latest commit (before update) %s
12/10/2022 02:06:12 AM | INFO : Current state of the project
12/10/2022 02:06:12 AM | INFO : Restoring clear state of the repo
12/10/2022 02:06:12 AM | INFO : Git commit
12/10/2022 02:06:12 AM | INFO : Cannot remove untracked files
